Weather report: Casablanca

      \   /     Clear
       .-.      59 °F          
    ― (   ) ―   ↘ 3 mph        
       `-’      6 mi           
      /   \     0.0 in         
                                                       ┌─────────────┐                                                       
┌──────────────────────────────┬───────────────────────┤  Mon 19 Feb ├───────────────────────┬──────────────────────────────┐
│            Morning           │             Noon      └──────┬──────┘     Evening           │             Night            │
├──────────────────────────────┼──────────────────────────────┼──────────────────────────────┼──────────────────────────────┤
│     \   /     Sunny          │     \   /     Sunny          │     \   /     Sunny          │     \   /     Clear          │
│      .-.      60 °F          │      .-.      68 °F          │      .-.      62 °F          │      .-.      59 °F          │
│   ― (   ) ―   ↙ 1-2 mph      │   ― (   ) ―   ↓ 5-6 mph      │   ― (   ) ―   ↓ 8-11 mph     │   ― (   ) ―   ↙ 4-8 mph      │
│      `-’      6 mi           │      `-’      6 mi           │      `-’      6 mi           │      `-’      6 mi           │
│     /   \     0.0 in | 0%    │     /   \     0.0 in | 0%    │     /   \     0.0 in | 0%    │     /   \     0.0 in | 0%    │
└──────────────────────────────┴──────────────────────────────┴──────────────────────────────┴──────────────────────────────┘
                                                       ┌─────────────┐                                                       
┌──────────────────────────────┬───────────────────────┤  Tue 20 Feb ├───────────────────────┬──────────────────────────────┐
│            Morning           │             Noon      └──────┬──────┘     Evening           │             Night            │
├──────────────────────────────┼──────────────────────────────┼──────────────────────────────┼──────────────────────────────┤
│               Overcast       │     \   /     Sunny          │     \   /     Sunny          │     \   /     Clear          │
│      .--.     60 °F          │      .-.      68 °F          │      .-.      64 °F          │      .-.      60 °F          │
│   .-(    ).   ↑ 3-4 mph      │   ― (   ) ―   ← 0-1 mph      │   ― (   ) ―   ↓ 10-15 mph    │   ― (   ) ―   ↙ 9-17 mph     │
│  (___.__)__)  6 mi           │      `-’      6 mi           │      `-’      6 mi           │      `-’      6 mi           │
│               0.0 in | 0%    │     /   \     0.0 in | 0%    │     /   \     0.0 in | 0%    │     /   \     0.0 in | 0%    │
└──────────────────────────────┴──────────────────────────────┴──────────────────────────────┴──────────────────────────────┘
                                                       ┌─────────────┐                                                       
┌──────────────────────────────┬───────────────────────┤  Wed 21 Feb ├───────────────────────┬──────────────────────────────┐
│            Morning           │             Noon      └──────┬──────┘     Evening           │             Night            │
├──────────────────────────────┼──────────────────────────────┼──────────────────────────────┼──────────────────────────────┤
│     \   /     Sunny          │     \   /     Sunny          │     \   /     Sunny          │     \   /     Clear          │
│      .-.      62 °F          │      .-.      69 °F          │      .-.      62 °F          │      .-.      +57(59) °F     │
│   ― (   ) ―   ↓ 1-3 mph      │   ― (   ) ―   ↓ 4-5 mph      │   ― (   ) ―   ↓ 5-9 mph      │   ― (   ) ―   ← 3-6 mph      │
│      `-’      6 mi           │      `-’      6 mi           │      `-’      6 mi           │      `-’      6 mi           │
│     /   \     0.0 in | 0%    │     /   \     0.0 in | 0%    │     /   \     0.0 in | 0%    │     /   \     0.0 in | 0%    │
└──────────────────────────────┴──────────────────────────────┴──────────────────────────────┴──────────────────────────────┘
Location: Casablanca ⵜⵉⴳⵎⵉ ⵜⵓⵎⵍⵉⵍⵜ الدار البيضاء, préfecture d'arrondissements de Casablanca-Anfa عمالة مقاطعات الدار البيضاء أنفا, Pachalik de Casablanca, Préfecture de Casablanca عمالة الدار البيضاء, Casablanca-Settat ⵜⵉⴳⵎⵉ ⵜⵓⵎⵍⵉⵍⵜ-ⵙⵟⵟⴰⵜ الدار البيضاء-سطات, ⵍⵎⵖⵔⵉⴱ المغرب [33.5949733,-7.6188008]

Follow @igor_chubin for wttr.in updates
